<?xml version="1.0" encoding="UTF-8"?>
<testsuite xmlns:xsi="http://www.w3.org/2001/XMLSchema-instance" xsi:noNamespaceSchemaLocation="https://maven.apache.org/surefire/maven-surefire-plugin/xsd/surefire-test-report-3.0.xsd" version="3.0" name="com.example.aicourse.utils.ResultTest" time="0.025" tests="14" errors="0" skipped="0" failures="0">
  <properties>
[...]
</properties>
  <testcase name="testOkWithNullData" classname="com.example.aicourse.utils.ResultTest" time="0.002"/>
  <testcase name="testOkWithData" classname="com.example.aicourse.utils.ResultTest" time="0.0"/>
  <testcase name="testToString" classname="com.example.aicourse.utils.ResultTest" time="0.005"/>
  <testcase name="testSetAndGetMethods" classname="com.example.aicourse.utils.ResultTest" time="0.0"/>
  <testcase name="testErrorWithEmptyMessage" classname="com.example.aicourse.utils.ResultTest" time="0.0"/>
  <testcase name="testConstructorWithAllParameters" classname="com.example.aicourse.utils.ResultTest" time="0.0"/>
  <testcase name="testComplexData" classname="com.example.aicourse.utils.ResultTest" time="0.005"/>
  <testcase name="testErrorWithNullMessage" classname="com.example.aicourse.utils.ResultTest" time="0.001"/>
  <testcase name="testErrorWithMessage" classname="com.example.aicourse.utils.ResultTest" time="0.0"/>
  <testcase name="testOkWithoutData" classname="com.example.aicourse.utils.ResultTest" time="0.0"/>
  <testcase name="testGenericTypes" classname="com.example.aicourse.utils.ResultTest" time="0.0"/>
  <testcase name="testEqualsAndHashCode" classname="com.example.aicourse.utils.ResultTest" time="0.006"/>
  <testcase name="testConstructorWithNullData" classname="com.example.aicourse.utils.ResultTest" time="0.0"/>
  <testcase name="testDefaultConstructor" classname="com.example.aicourse.utils.ResultTest" time="0.001"/>
</testsuite>